cgi-bin/build_layout.bash cb7e666acaee6f5672f0645f53d95e16159ea1a86b36bf WhiteFox "WhiteFox-TrueFoxBlank-0.kll" "WhiteFox-TrueFoxBlank-1.kll"  2>&1
+ cmake /srv/KiiConf/controller -DScanModule=WhiteFox -DCHIP=mk20dx256vlh7 -DMacroModule=PartialMap -DOutputModule=pjrcUSB -DDebugModule=full -DBaseMap=defaultMap '-DDefaultMap=WhiteFox-TrueFoxBlank-0 stdFuncMap' '-DPartialMaps=WhiteFox-TrueFoxBlank-1 stdFuncMap' -DCONFIGURATOR=1
-- Compiler Family:
arm
-- Compiler Selected:
gcc
-- Chip Selected:
mk20dx256vlh7
-- Chip Family:
mk20dx
-- CPU Selected:
cortex-m4
-- Compiler Source Files:
Lib/mk20dx.c;Lib/delay.c
-- Bootloader Type:
dfu
-- Detected Scan Module Source Files:
Scan/ISSILed/led_scan.c;Scan/MatrixARM/matrix_scan.c;Scan/WhiteFox/scan_loop.c
-- Detected Macro Module Source Files:
Macro/PartialMap/macro.c;Macro/PartialMap/result.c;Macro/PartialMap/trigger.c
-- Detected Output Module Source Files:
Output/pjrcUSB/output_com.c;Output/pjrcUSB/arm/usb_desc.c;Output/pjrcUSB/arm/usb_dev.c;Output/pjrcUSB/arm/usb_joystick.c;Output/pjrcUSB/arm/usb_keyboard.c;Output/pjrcUSB/arm/usb_mem.c;Output/pjrcUSB/arm/usb_mouse.c;Output/pjrcUSB/arm/usb_rawio.c;Output/pjrcUSB/arm/usb_serial.c
-- Detected Debug Module Source Files:
Debug/cli/cli.c;Debug/led/led.c;Debug/print/print.c
-- Found Git: /usr/bin/git (found version "1.9.1") 
-- Found Ctags: /usr/bin/ctags (found version "5.9~svn20110310") 
ctags: cannot open tag file : Permission denied
-- Found PythonInterp: python3 (found suitable version "3.4.3", minimum required is "3") 
-- Detected Layout Files:
/srv/KiiConf/controller/Scan/ISSILed/capabilities.kll
/srv/KiiConf/controller/Scan/MatrixARM/capabilities.kll
/srv/KiiConf/controller/Macro/PartialMap/capabilities.kll
/srv/KiiConf/controller/Output/pjrcUSB/capabilities.kll
/srv/KiiConf/controller/Scan/WhiteFox/scancode_map.kll
/srv/KiiConf/dist/tmp/cb7e666acaee6f5672f0645f53d95e16159ea1a86b36bf/WhiteFox-TrueFoxBlank-0.kll
/srv/KiiConf/controller/kll/layouts/stdFuncMap.kll
/srv/KiiConf/dist/tmp/cb7e666acaee6f5672f0645f53d95e16159ea1a86b36bf/WhiteFox-TrueFoxBlank-1.kll
/srv/KiiConf/controller/kll/layouts/stdFuncMap.kll
-- Found DFU_SUFFIX: /usr/local/bin/dfu-suffix (found version "0.8") 
-- Configuring done
-- Generating done
CMake Warning:
  Manually-specified variables were not used by the project:

    CONFIGURATOR


-- Build files have been written to: /srv/KiiConf/dist/tmp/cb7e666acaee6f5672f0645f53d95e16159ea1a86b36bf
+ make -j
[  4%] Generating KLL Layout
Scanning dependencies of target kiibohd.elf
[ 13%] [ 13%] [ 17%] Building C object CMakeFiles/kiibohd.elf.dir/Lib/delay.c.o
Building C object CMakeFiles/kiibohd.elf.dir/Lib/mk20dx.c.o
Building C object CMakeFiles/kiibohd.elf.dir/main.c.o
[ 21%] [ 26%] [ 30%] [ 34%] Building C object CMakeFiles/kiibohd.elf.dir/Scan/ISSILed/led_scan.c.o
Building C object CMakeFiles/kiibohd.elf.dir/Scan/MatrixARM/matrix_scan.c.o
Building C object CMakeFiles/kiibohd.elf.dir/Scan/WhiteFox/scan_loop.c.o
Building C object CMakeFiles/kiibohd.elf.dir/Macro/PartialMap/macro.c.o
[ 39%] [ 43%] [ 47%] Building C object CMakeFiles/kiibohd.elf.dir/Macro/PartialMap/result.c.o
Building C object CMakeFiles/kiibohd.elf.dir/Macro/PartialMap/trigger.c.o
Building C object CMakeFiles/kiibohd.elf.dir/Output/pjrcUSB/output_com.c.o
[ 52%] [ 56%] [ 60%] Building C object CMakeFiles/kiibohd.elf.dir/Output/pjrcUSB/arm/usb_desc.c.o
[ 65%] Building C object CMakeFiles/kiibohd.elf.dir/Output/pjrcUSB/arm/usb_dev.c.o
Building C object CMakeFiles/kiibohd.elf.dir/Output/pjrcUSB/arm/usb_joystick.c.o
Building C object CMakeFiles/kiibohd.elf.dir/Output/pjrcUSB/arm/usb_keyboard.c.o
[ 69%] [ 73%] [ 78%] [ 82%] Building C object CMakeFiles/kiibohd.elf.dir/Output/pjrcUSB/arm/usb_mem.c.o
[ 86%] Building C object CMakeFiles/kiibohd.elf.dir/Output/pjrcUSB/arm/usb_rawio.c.o
[ 91%] Building C object CMakeFiles/kiibohd.elf.dir/Debug/cli/cli.c.o
Building C object CMakeFiles/kiibohd.elf.dir/Output/pjrcUSB/arm/usb_mouse.c.o
[ 95%] Building C object CMakeFiles/kiibohd.elf.dir/Output/pjrcUSB/arm/usb_serial.c.o
Building C object CMakeFiles/kiibohd.elf.dir/Debug/print/print.c.o
Building C object CMakeFiles/kiibohd.elf.dir/Debug/led/led.c.o
Linking C executable kiibohd.elf
Create and sign dfu bin file:  kiibohd.dfu.bin
Creating Extended Listing:     kiibohd.lss
Creating Symbol Table:         kiibohd.sym
[ 95%] Built target kiibohd.elf
Scanning dependencies of target SizeAfter
[100%] Chip usage for mk20dx256vlh7
	[1m SRAM[m: 	[1;32m13%[m 	8788/65536	bytes
	[1mFlash[m: 	[1;32m12%[m 	32508/253952	bytes
[100%] Built target SizeAfter
+ RETVAL=0
+ set +x
